#-----------------------------------------------------------
# Vivado v2019.1 (64-bit)
# SW Build 2552052 on Fri May 24 14:49:42 MDT 2019
# IP Build 2548770 on Fri May 24 18:01:18 MDT 2019
# Start of session at: Sat Dec  2 02:46:30 2023
# Process ID: 10316
# Current directory: C:/Users/14168/vivado-workspace/projects/fifo
# Command line: vivado.exe -gui_launcher_event rodinguilauncherevent8660 C:\Users\14168\vivado-workspace\projects\fifo\fifo_1.xpr
# Log file: C:/Users/14168/vivado-workspace/projects/fifo/vivado.log
# Journal file: C:/Users/14168/vivado-workspace/projects/fifo\vivado.jou
#-----------------------------------------------------------
start_gui
open_project C:/Users/14168/vivado-workspace/projects/fifo/fifo_1.xpr
CRITICAL WARNING: [Project 1-19] Could not find the file 'C:/Users/14168/vivado-workspace/projects/fifo/fifo.srcs/sources_1/new/clk_divider.sv'.
CRITICAL WARNING: [Project 1-19] Could not find the file 'C:/Users/14168/vivado-workspace/projects/fifo/fifo.srcs/sources_1/new/dff.sv'.
CRITICAL WARNING: [Project 1-19] Could not find the file 'C:/Users/14168/vivado-workspace/projects/fifo/fifo.srcs/sources_1/new/edge_detect.sv'.
CRITICAL WARNING: [Project 1-19] Could not find the file 'C:/Users/14168/vivado-workspace/projects/fifo/fifo.srcs/sources_1/new/fifo.sv'.
CRITICAL WARNING: [Project 1-19] Could not find the file 'C:/Users/14168/vivado-workspace/projects/fifo/fifo.srcs/sources_1/new/top.sv'.
Scanning sources...
Finished scanning sources
INFO: [IP_Flow 19-234] Refreshing IP repositories
INFO: [IP_Flow 19-1704] No user IP repositories specified
INFO: [IP_Flow 19-2313] Loaded Vivado IP repository 'C:/Xilinx/Vivado/2019.1/data/ip'.
update_compile_order -fileset sources_1
add_files -norecurse {C:/Users/14168/vivado-workspace/projects/fifo/fifo_1.srcs/sources_1/new/edge_detect.sv C:/Users/14168/vivado-workspace/projects/fifo/fifo_1.srcs/sources_1/new/clk_divider.sv C:/Users/14168/vivado-workspace/projects/fifo/fifo_1.srcs/sources_1/new/fifo.sv C:/Users/14168/vivado-workspace/projects/fifo/fifo_1.srcs/sources_1/new/debounce.sv C:/Users/14168/vivado-workspace/projects/fifo/fifo_1.srcs/sources_1/new/dff.sv}
WARNING: [filemgmt 56-12] File 'C:/Users/14168/vivado-workspace/projects/fifo/fifo_1.srcs/sources_1/new/debounce.sv' cannot be added to the project because it already exists in the project, skipping this file
update_compile_order -fileset sources_1
export_ip_user_files -of_objects  [get_files C:/Users/14168/vivado-workspace/projects/fifo/fifo.srcs/sources_1/new/clk_divider.sv] -no_script -reset -force -quiet
remove_files  C:/Users/14168/vivado-workspace/projects/fifo/fifo.srcs/sources_1/new/clk_divider.sv
export_ip_user_files -of_objects  [get_files C:/Users/14168/vivado-workspace/projects/fifo/fifo.srcs/sources_1/new/dff.sv] -no_script -reset -force -quiet
export_ip_user_files -of_objects  [get_files C:/Users/14168/vivado-workspace/projects/fifo/fifo.srcs/sources_1/new/edge_detect.sv] -no_script -reset -force -quiet
export_ip_user_files -of_objects  [get_files C:/Users/14168/vivado-workspace/projects/fifo/fifo.srcs/sources_1/new/fifo.sv] -no_script -reset -force -quiet
export_ip_user_files -of_objects  [get_files C:/Users/14168/vivado-workspace/projects/fifo/fifo.srcs/sources_1/new/top.sv] -no_script -reset -force -quiet
remove_files  {C:/Users/14168/vivado-workspace/projects/fifo/fifo.srcs/sources_1/new/dff.sv C:/Users/14168/vivado-workspace/projects/fifo/fifo.srcs/sources_1/new/edge_detect.sv C:/Users/14168/vivado-workspace/projects/fifo/fifo.srcs/sources_1/new/fifo.sv C:/Users/14168/vivado-workspace/projects/fifo/fifo.srcs/sources_1/new/top.sv}
close [ open C:/Users/14168/vivado-workspace/projects/fifo/fifo_1.srcs/sources_1/new/top.sv w ]
add_files C:/Users/14168/vivado-workspace/projects/fifo/fifo_1.srcs/sources_1/new/top.sv
update_compile_order -fileset sources_1
add_files -fileset constrs_1 -norecurse C:/Users/14168/vivado-workspace/zybo/ZYBO_Master.xdc
import_files -fileset constrs_1 C:/Users/14168/vivado-workspace/zybo/ZYBO_Master.xdc
update_compile_order -fileset sources_1
reset_run synth_1
launch_runs impl_1 -to_step write_bitstream -jobs 6
[Sat Dec  2 02:59:32 2023] Launched synth_1...
Run output will be captured here: C:/Users/14168/vivado-workspace/projects/fifo/fifo_1.runs/synth_1/runme.log
[Sat Dec  2 02:59:32 2023] Launched impl_1...
Run output will be captured here: C:/Users/14168/vivado-workspace/projects/fifo/fifo_1.runs/impl_1/runme.log
reset_run synth_1
launch_runs impl_1 -to_step write_bitstream -jobs 6
[Sat Dec  2 03:00:47 2023] Launched synth_1...
Run output will be captured here: C:/Users/14168/vivado-workspace/projects/fifo/fifo_1.runs/synth_1/runme.log
[Sat Dec  2 03:00:47 2023] Launched impl_1...
Run output will be captured here: C:/Users/14168/vivado-workspace/projects/fifo/fifo_1.runs/impl_1/runme.log
exit
INFO: [Common 17-206] Exiting Vivado at Sat Dec  2 03:04:48 2023...
