#-----------------------------------------------------------
# Vivado v2019.1 (64-bit)
# SW Build 2552052 on Fri May 24 14:49:42 MDT 2019
# IP Build 2548770 on Fri May 24 18:01:18 MDT 2019
# Start of session at: Sat Dec  2 02:44:21 2023
# Process ID: 12812
# Current directory: C:/Users/14168/vivado-workspace/projects/fifo
# Command line: vivado.exe -gui_launcher_event rodinguilauncherevent832 C:\Users\14168\vivado-workspace\projects\fifo\fifo_1.xpr
# Log file: C:/Users/14168/vivado-workspace/projects/fifo/vivado.log
# Journal file: C:/Users/14168/vivado-workspace/projects/fifo\vivado.jou
#-----------------------------------------------------------
start_gui
open_project C:/Users/14168/vivado-workspace/projects/fifo/fifo_1.xpr
INFO: [Project 1-313] Project file moved from 'C:/Users/14168/vivado-workspace/projects/fifo_1' since last save.
CRITICAL WARNING: [Project 1-19] Could not find the file 'C:/Users/14168/vivado-workspace/projects/fifo/fifo.srcs/sources_1/new/clk_divider.sv'.
CRITICAL WARNING: [Project 1-19] Could not find the file 'C:/Users/14168/vivado-workspace/projects/fifo/fifo.srcs/sources_1/new/dff.sv'.
CRITICAL WARNING: [Project 1-19] Could not find the file 'C:/Users/14168/vivado-workspace/projects/fifo/fifo.srcs/sources_1/new/edge_detect.sv'.
CRITICAL WARNING: [Project 1-19] Could not find the file 'C:/Users/14168/vivado-workspace/projects/fifo/fifo.srcs/sources_1/new/fifo.sv'.
CRITICAL WARNING: [Project 1-19] Could not find the file 'C:/Users/14168/vivado-workspace/projects/fifo/fifo.srcs/sources_1/new/top.sv'.
CRITICAL WARNING: [Project 1-19] Could not find the file 'C:/Users/14168/vivado-workspace/projects/fifo/fifo.srcs/constrs_1/imports/zybo/ZYBO_Master.xdc'.
Scanning sources...
Finished scanning sources
INFO: [IP_Flow 19-234] Refreshing IP repositories
INFO: [IP_Flow 19-1704] No user IP repositories specified
INFO: [IP_Flow 19-2313] Loaded Vivado IP repository 'C:/Xilinx/Vivado/2019.1/data/ip'.
update_compile_order -fileset sources_1
export_ip_user_files -of_objects  [get_files C:/Users/14168/vivado-workspace/projects/fifo/fifo.srcs/constrs_1/imports/zybo/ZYBO_Master.xdc] -no_script -reset -force -quiet
remove_files  -fileset constrs_1 C:/Users/14168/vivado-workspace/projects/fifo/fifo.srcs/constrs_1/imports/zybo/ZYBO_Master.xdc
exit
INFO: [Common 17-206] Exiting Vivado at Sat Dec  2 02:46:17 2023...
