Copyright 1986-2019 Xilinx, Inc. All Rights Reserved.
------------------------------------------------------------------------------------
| Tool Version : Vivado v.2019.1 (win64) Build 2552052 Fri May 24 14:49:42 MDT 2019
| Date         : Sat Dec  2 03:20:11 2023
| Host         : mdxps15 running 64-bit major release  (build 9200)
| Command      : report_control_sets -verbose -file hw_top_control_sets_placed.rpt
| Design       : hw_top
| Device       : xc7z010
------------------------------------------------------------------------------------

Control Set Information

Table of Contents
-----------------
1. Summary
2. Histogram
3. Flip-Flop Distribution
4. Detailed Control Set Information

1. Summary
----------

+----------------------------------------------------------+-------+
|                          Status                          | Count |
+----------------------------------------------------------+-------+
| Total control sets                                       |    13 |
|    Minimum number of control sets                        |    13 |
|    Addition due to synthesis replication                 |     0 |
|    Addition due to physical synthesis replication        |     0 |
| Unused register locations in slices containing registers |    55 |
+----------------------------------------------------------+-------+
* Control sets can be merged at opt_design using control_set_merge or merge_equivalent_drivers
** Run report_qor_suggestions for automated merging and remapping suggestions


2. Histogram
------------

+--------------------+-------+
|       Fanout       | Count |
+--------------------+-------+
| Total control sets |    13 |
| >= 0 to < 4        |     4 |
| >= 4 to < 6        |     8 |
| >= 6 to < 8        |     0 |
| >= 8 to < 10       |     0 |
| >= 10 to < 12      |     0 |
| >= 12 to < 14      |     0 |
| >= 14 to < 16      |     0 |
| >= 16              |     1 |
+--------------------+-------+
* Control sets can be remapped at either synth_design or opt_design


3. Flip-Flop Distribution
-------------------------

+--------------+-----------------------+------------------------+-----------------+--------------+
| Clock Enable | Synchronous Set/Reset | Asynchronous Set/Reset | Total Registers | Total Slices |
+--------------+-----------------------+------------------------+-----------------+--------------+
| No           | No                    | No                     |              20 |            8 |
| No           | No                    | Yes                    |             141 |           40 |
| No           | Yes                   | No                     |               0 |            0 |
| Yes          | No                    | No                     |              16 |            4 |
| Yes          | No                    | Yes                    |               0 |            0 |
| Yes          | Yes                   | No                     |               0 |            0 |
+--------------+-----------------------+------------------------+-----------------+--------------+


4. Detailed Control Set Information
-----------------------------------

+------------------------------------------------------------------------------+----------------------------------+------------------+------------------+----------------+
|                                 Clock Signal                                 |           Enable Signal          | Set/Reset Signal | Slice Load Count | Bel Load Count |
+------------------------------------------------------------------------------+----------------------------------+------------------+------------------+----------------+
|  genblk1[0].debounce_0/clk_divider_0/slow_clk                                |                                  | rst_IBUF         |                1 |              3 |
|  genblk1[1].debounce_0/clk_divider_0/slow_clk                                |                                  | rst_IBUF         |                1 |              3 |
|  genblk1[2].debounce_0/clk_divider_0/slow_clk                                |                                  | rst_IBUF         |                1 |              3 |
|  genblk1[3].debounce_0/clk_divider_0/slow_clk                                |                                  | rst_IBUF         |                1 |              3 |
|  clk_IBUF_BUFG                                                               | alarm_system_0/mem[3][3]_i_1_n_0 |                  |                1 |              4 |
|  clk_IBUF_BUFG                                                               | alarm_system_0/mem[2][3]_i_1_n_0 |                  |                1 |              4 |
|  clk_IBUF_BUFG                                                               | alarm_system_0/mem[1][3]_i_1_n_0 |                  |                1 |              4 |
|  clk_IBUF_BUFG                                                               | alarm_system_0/mem[0][3]_i_1_n_0 |                  |                1 |              4 |
|  genblk1[0].debounce_0/edge_detect_0/FSM_onehot_next_state_reg[4]_i_2_n_0    |                                  |                  |                2 |              5 |
|  genblk1[1].debounce_0/edge_detect_0/FSM_onehot_next_state_reg[4]_i_2__0_n_0 |                                  |                  |                2 |              5 |
|  genblk1[2].debounce_0/edge_detect_0/FSM_onehot_next_state_reg[4]_i_2__1_n_0 |                                  |                  |                2 |              5 |
|  genblk1[3].debounce_0/edge_detect_0/FSM_onehot_next_state_reg[4]_i_2__2_n_0 |                                  |                  |                2 |              5 |
|  clk_IBUF_BUFG                                                               |                                  | rst_IBUF         |               36 |            129 |
+------------------------------------------------------------------------------+----------------------------------+------------------+------------------+----------------+


