Copyright 1986-2019 Xilinx, Inc. All Rights Reserved.
--------------------------------------------------------------------------------------------------------------------------------------------------------
| Tool Version : Vivado v.2019.1 (win64) Build 2552052 Fri May 24 14:49:42 MDT 2019
| Date         : Sat Dec  2 03:20:30 2023
| Host         : mdxps15 running 64-bit major release  (build 9200)
| Command      : report_methodology -file hw_top_methodology_drc_routed.rpt -pb hw_top_methodology_drc_routed.pb -rpx hw_top_methodology_drc_routed.rpx
| Design       : hw_top
| Device       : xc7z010clg400-1
| Speed File   : -1
| Design State : Fully Routed
--------------------------------------------------------------------------------------------------------------------------------------------------------

Report Methodology

Table of Contents
-----------------
1. REPORT SUMMARY
2. REPORT DETAILS

1. REPORT SUMMARY
-----------------
            Netlist: netlist
          Floorplan: design_1
      Design limits: <entire design considered>
             Max violations: <unlimited>
             Violations found: 40
+-----------+------------------+-------------------------------+------------+
| Rule      | Severity         | Description                   | Violations |
+-----------+------------------+-------------------------------+------------+
| TIMING-17 | Critical Warning | Non-clocked sequential cell   | 12         |
| TIMING-18 | Warning          | Missing input or output delay | 8          |
| TIMING-20 | Warning          | Non-clocked latch             | 20         |
+-----------+------------------+-------------------------------+------------+

2. REPORT DETAILS
-----------------
TIMING-17#1 Critical Warning
Non-clocked sequential cell  
The clock pin genblk1[0].debounce_0/dff_0/q_reg/C is not reached by a timing clock
Related violations: <none>

TIMING-17#2 Critical Warning
Non-clocked sequential cell  
The clock pin genblk1[0].debounce_0/dff_1/q_reg/C is not reached by a timing clock
Related violations: <none>

TIMING-17#3 Critical Warning
Non-clocked sequential cell  
The clock pin genblk1[0].debounce_0/dff_2/q_reg/C is not reached by a timing clock
Related violations: <none>

TIMING-17#4 Critical Warning
Non-clocked sequential cell  
The clock pin genblk1[1].debounce_0/dff_0/q_reg/C is not reached by a timing clock
Related violations: <none>

TIMING-17#5 Critical Warning
Non-clocked sequential cell  
The clock pin genblk1[1].debounce_0/dff_1/q_reg/C is not reached by a timing clock
Related violations: <none>

TIMING-17#6 Critical Warning
Non-clocked sequential cell  
The clock pin genblk1[1].debounce_0/dff_2/q_reg/C is not reached by a timing clock
Related violations: <none>

TIMING-17#7 Critical Warning
Non-clocked sequential cell  
The clock pin genblk1[2].debounce_0/dff_0/q_reg/C is not reached by a timing clock
Related violations: <none>

TIMING-17#8 Critical Warning
Non-clocked sequential cell  
The clock pin genblk1[2].debounce_0/dff_1/q_reg/C is not reached by a timing clock
Related violations: <none>

TIMING-17#9 Critical Warning
Non-clocked sequential cell  
The clock pin genblk1[2].debounce_0/dff_2/q_reg/C is not reached by a timing clock
Related violations: <none>

TIMING-17#10 Critical Warning
Non-clocked sequential cell  
The clock pin genblk1[3].debounce_0/dff_0/q_reg/C is not reached by a timing clock
Related violations: <none>

TIMING-17#11 Critical Warning
Non-clocked sequential cell  
The clock pin genblk1[3].debounce_0/dff_1/q_reg/C is not reached by a timing clock
Related violations: <none>

TIMING-17#12 Critical Warning
Non-clocked sequential cell  
The clock pin genblk1[3].debounce_0/dff_2/q_reg/C is not reached by a timing clock
Related violations: <none>

TIMING-18#1 Warning
Missing input or output delay  
An input delay is missing on rst relative to clock(s) sys_clk_pin
Related violations: <none>

TIMING-18#2 Warning
Missing input or output delay  
An output delay is missing on chars[0] relative to clock(s) sys_clk_pin
Related violations: <none>

TIMING-18#3 Warning
Missing input or output delay  
An output delay is missing on chars[1] relative to clock(s) sys_clk_pin
Related violations: <none>

TIMING-18#4 Warning
Missing input or output delay  
An output delay is missing on chars[2] relative to clock(s) sys_clk_pin
Related violations: <none>

TIMING-18#5 Warning
Missing input or output delay  
An output delay is missing on chars[3] relative to clock(s) sys_clk_pin
Related violations: <none>

TIMING-18#6 Warning
Missing input or output delay  
An output delay is missing on status[0] relative to clock(s) sys_clk_pin
Related violations: <none>

TIMING-18#7 Warning
Missing input or output delay  
An output delay is missing on status[1] relative to clock(s) sys_clk_pin
Related violations: <none>

TIMING-18#8 Warning
Missing input or output delay  
An output delay is missing on status[2] relative to clock(s) sys_clk_pin
Related violations: <none>

TIMING-20#1 Warning
Non-clocked latch  
The latch genblk1[0].debounce_0/edge_detect_0/FSM_onehot_next_state_reg[0] cannot be properly analyzed as its control pin genblk1[0].debounce_0/edge_detect_0/FSM_onehot_next_state_reg[0]/G is not reached by a timing clock
Related violations: <none>

TIMING-20#2 Warning
Non-clocked latch  
The latch genblk1[0].debounce_0/edge_detect_0/FSM_onehot_next_state_reg[1] cannot be properly analyzed as its control pin genblk1[0].debounce_0/edge_detect_0/FSM_onehot_next_state_reg[1]/G is not reached by a timing clock
Related violations: <none>

TIMING-20#3 Warning
Non-clocked latch  
The latch genblk1[0].debounce_0/edge_detect_0/FSM_onehot_next_state_reg[2] cannot be properly analyzed as its control pin genblk1[0].debounce_0/edge_detect_0/FSM_onehot_next_state_reg[2]/G is not reached by a timing clock
Related violations: <none>

TIMING-20#4 Warning
Non-clocked latch  
The latch genblk1[0].debounce_0/edge_detect_0/FSM_onehot_next_state_reg[3] cannot be properly analyzed as its control pin genblk1[0].debounce_0/edge_detect_0/FSM_onehot_next_state_reg[3]/G is not reached by a timing clock
Related violations: <none>

TIMING-20#5 Warning
Non-clocked latch  
The latch genblk1[0].debounce_0/edge_detect_0/FSM_onehot_next_state_reg[4] cannot be properly analyzed as its control pin genblk1[0].debounce_0/edge_detect_0/FSM_onehot_next_state_reg[4]/G is not reached by a timing clock
Related violations: <none>

TIMING-20#6 Warning
Non-clocked latch  
The latch genblk1[1].debounce_0/edge_detect_0/FSM_onehot_next_state_reg[0] cannot be properly analyzed as its control pin genblk1[1].debounce_0/edge_detect_0/FSM_onehot_next_state_reg[0]/G is not reached by a timing clock
Related violations: <none>

TIMING-20#7 Warning
Non-clocked latch  
The latch genblk1[1].debounce_0/edge_detect_0/FSM_onehot_next_state_reg[1] cannot be properly analyzed as its control pin genblk1[1].debounce_0/edge_detect_0/FSM_onehot_next_state_reg[1]/G is not reached by a timing clock
Related violations: <none>

TIMING-20#8 Warning
Non-clocked latch  
The latch genblk1[1].debounce_0/edge_detect_0/FSM_onehot_next_state_reg[2] cannot be properly analyzed as its control pin genblk1[1].debounce_0/edge_detect_0/FSM_onehot_next_state_reg[2]/G is not reached by a timing clock
Related violations: <none>

TIMING-20#9 Warning
Non-clocked latch  
The latch genblk1[1].debounce_0/edge_detect_0/FSM_onehot_next_state_reg[3] cannot be properly analyzed as its control pin genblk1[1].debounce_0/edge_detect_0/FSM_onehot_next_state_reg[3]/G is not reached by a timing clock
Related violations: <none>

TIMING-20#10 Warning
Non-clocked latch  
The latch genblk1[1].debounce_0/edge_detect_0/FSM_onehot_next_state_reg[4] cannot be properly analyzed as its control pin genblk1[1].debounce_0/edge_detect_0/FSM_onehot_next_state_reg[4]/G is not reached by a timing clock
Related violations: <none>

TIMING-20#11 Warning
Non-clocked latch  
The latch genblk1[2].debounce_0/edge_detect_0/FSM_onehot_next_state_reg[0] cannot be properly analyzed as its control pin genblk1[2].debounce_0/edge_detect_0/FSM_onehot_next_state_reg[0]/G is not reached by a timing clock
Related violations: <none>

TIMING-20#12 Warning
Non-clocked latch  
The latch genblk1[2].debounce_0/edge_detect_0/FSM_onehot_next_state_reg[1] cannot be properly analyzed as its control pin genblk1[2].debounce_0/edge_detect_0/FSM_onehot_next_state_reg[1]/G is not reached by a timing clock
Related violations: <none>

TIMING-20#13 Warning
Non-clocked latch  
The latch genblk1[2].debounce_0/edge_detect_0/FSM_onehot_next_state_reg[2] cannot be properly analyzed as its control pin genblk1[2].debounce_0/edge_detect_0/FSM_onehot_next_state_reg[2]/G is not reached by a timing clock
Related violations: <none>

TIMING-20#14 Warning
Non-clocked latch  
The latch genblk1[2].debounce_0/edge_detect_0/FSM_onehot_next_state_reg[3] cannot be properly analyzed as its control pin genblk1[2].debounce_0/edge_detect_0/FSM_onehot_next_state_reg[3]/G is not reached by a timing clock
Related violations: <none>

TIMING-20#15 Warning
Non-clocked latch  
The latch genblk1[2].debounce_0/edge_detect_0/FSM_onehot_next_state_reg[4] cannot be properly analyzed as its control pin genblk1[2].debounce_0/edge_detect_0/FSM_onehot_next_state_reg[4]/G is not reached by a timing clock
Related violations: <none>

TIMING-20#16 Warning
Non-clocked latch  
The latch genblk1[3].debounce_0/edge_detect_0/FSM_onehot_next_state_reg[0] cannot be properly analyzed as its control pin genblk1[3].debounce_0/edge_detect_0/FSM_onehot_next_state_reg[0]/G is not reached by a timing clock
Related violations: <none>

TIMING-20#17 Warning
Non-clocked latch  
The latch genblk1[3].debounce_0/edge_detect_0/FSM_onehot_next_state_reg[1] cannot be properly analyzed as its control pin genblk1[3].debounce_0/edge_detect_0/FSM_onehot_next_state_reg[1]/G is not reached by a timing clock
Related violations: <none>

TIMING-20#18 Warning
Non-clocked latch  
The latch genblk1[3].debounce_0/edge_detect_0/FSM_onehot_next_state_reg[2] cannot be properly analyzed as its control pin genblk1[3].debounce_0/edge_detect_0/FSM_onehot_next_state_reg[2]/G is not reached by a timing clock
Related violations: <none>

TIMING-20#19 Warning
Non-clocked latch  
The latch genblk1[3].debounce_0/edge_detect_0/FSM_onehot_next_state_reg[3] cannot be properly analyzed as its control pin genblk1[3].debounce_0/edge_detect_0/FSM_onehot_next_state_reg[3]/G is not reached by a timing clock
Related violations: <none>

TIMING-20#20 Warning
Non-clocked latch  
The latch genblk1[3].debounce_0/edge_detect_0/FSM_onehot_next_state_reg[4] cannot be properly analyzed as its control pin genblk1[3].debounce_0/edge_detect_0/FSM_onehot_next_state_reg[4]/G is not reached by a timing clock
Related violations: <none>


