#-----------------------------------------------------------
# Vivado v2019.1 (64-bit)
# SW Build 2552052 on Fri May 24 14:49:42 MDT 2019
# IP Build 2548770 on Fri May 24 18:01:18 MDT 2019
# Start of session at: Sat Dec  2 03:06:16 2023
# Process ID: 22428
# Current directory: C:/Users/14168/vivado-workspace/projects/alarm_system
# Command line: vivado.exe -gui_launcher_event rodinguilauncherevent11532 C:\Users\14168\vivado-workspace\projects\alarm_system\alarm_system.xpr
# Log file: C:/Users/14168/vivado-workspace/projects/alarm_system/vivado.log
# Journal file: C:/Users/14168/vivado-workspace/projects/alarm_system\vivado.jou
#-----------------------------------------------------------
start_gui
open_project C:/Users/14168/vivado-workspace/projects/alarm_system/alarm_system.xpr
Scanning sources...
Finished scanning sources
INFO: [IP_Flow 19-234] Refreshing IP repositories
INFO: [IP_Flow 19-1704] No user IP repositories specified
INFO: [IP_Flow 19-2313] Loaded Vivado IP repository 'C:/Xilinx/Vivado/2019.1/data/ip'.
file mkdir C:/Users/14168/vivado-workspace/projects/alarm_system/alarm_system.srcs/sources_1/new
close [ open C:/Users/14168/vivado-workspace/projects/alarm_system/alarm_system.srcs/sources_1/new/top.sv w ]
add_files C:/Users/14168/vivado-workspace/projects/alarm_system/alarm_system.srcs/sources_1/new/top.sv
update_compile_order -fileset sources_1
close [ open C:/Users/14168/vivado-workspace/projects/alarm_system/alarm_system.srcs/sources_1/new/edge_detect.sv w ]
add_files C:/Users/14168/vivado-workspace/projects/alarm_system/alarm_system.srcs/sources_1/new/edge_detect.sv
close [ open C:/Users/14168/vivado-workspace/projects/alarm_system/alarm_system.srcs/sources_1/new/alarm_system.sv w ]
add_files C:/Users/14168/vivado-workspace/projects/alarm_system/alarm_system.srcs/sources_1/new/alarm_system.sv
close [ open C:/Users/14168/vivado-workspace/projects/alarm_system/alarm_system.srcs/sources_1/new/dff.sv w ]
add_files C:/Users/14168/vivado-workspace/projects/alarm_system/alarm_system.srcs/sources_1/new/dff.sv
close [ open C:/Users/14168/vivado-workspace/projects/alarm_system/alarm_system.srcs/sources_1/new/clk_divider.sv w ]
add_files C:/Users/14168/vivado-workspace/projects/alarm_system/alarm_system.srcs/sources_1/new/clk_divider.sv
update_compile_order -fileset sources_1
close [ open C:/Users/14168/vivado-workspace/projects/alarm_system/alarm_system.srcs/sources_1/new/debounce.sv w ]
add_files C:/Users/14168/vivado-workspace/projects/alarm_system/alarm_system.srcs/sources_1/new/debounce.sv
update_compile_order -fileset sources_1
update_compile_order -fileset sources_1
update_compile_order -fileset sources_1
launch_runs impl_1 -to_step write_bitstream -jobs 6
[Sat Dec  2 03:18:57 2023] Launched synth_1...
Run output will be captured here: C:/Users/14168/vivado-workspace/projects/alarm_system/alarm_system.runs/synth_1/runme.log
[Sat Dec  2 03:18:57 2023] Launched impl_1...
Run output will be captured here: C:/Users/14168/vivado-workspace/projects/alarm_system/alarm_system.runs/impl_1/runme.log
open_hw
connect_hw_server
INFO: [Labtools 27-2285] Connecting to hw_server url TCP:localhost:3121
INFO: [Labtools 27-2222] Launching hw_server...
INFO: [Labtools 27-2221] Launch Output:

****** Xilinx hw_server v2019.1
  **** Build date : May 24 2019 at 15:13:31
    ** Copyright 1986-2019 Xilinx, Inc. All Rights Reserved.


open_hw_target
INFO: [Labtoolstcl 44-466] Opening hw_target localhost:3121/xilinx_tcf/Digilent/210351B484CFA
open_hw_target: Time (s): cpu = 00:00:04 ; elapsed = 00:00:07 . Memory (MB): peak = 1937.617 ; gain = 1123.828
set_property PROGRAM.FILE {C:/Users/14168/vivado-workspace/projects/alarm_system/alarm_system.runs/impl_1/hw_top.bit} [get_hw_devices xc7z010_1]
current_hw_device [get_hw_devices xc7z010_1]
refresh_hw_device -update_hw_probes false [lindex [get_hw_devices xc7z010_1] 0]
INFO: [Labtools 27-1434] Device xc7z010 (JTAG device index = 1) is programmed with a design that has no supported debug core(s) in it.
set_property PROBES.FILE {} [get_hw_devices xc7z010_1]
set_property FULL_PROBES.FILE {} [get_hw_devices xc7z010_1]
set_property PROGRAM.FILE {C:/Users/14168/vivado-workspace/projects/alarm_system/alarm_system.runs/impl_1/hw_top.bit} [get_hw_devices xc7z010_1]
program_hw_devices [get_hw_devices xc7z010_1]
INFO: [Labtools 27-3164] End of startup status: HIGH
refresh_hw_device [lindex [get_hw_devices xc7z010_1] 0]
INFO: [Labtools 27-1434] Device xc7z010 (JTAG device index = 1) is programmed with a design that has no supported debug core(s) in it.
exit
INFO: [Common 17-206] Exiting Vivado at Sat Dec  2 03:22:41 2023...
