
*** Running vivado
    with args -log hw_top.vds -m64 -product Vivado -mode batch -messageDb vivado.pb -notrace -source hw_top.tcl


****** Vivado v2019.1 (64-bit)
  **** SW Build 2552052 on Fri May 24 14:49:42 MDT 2019
  **** IP Build 2548770 on Fri May 24 18:01:18 MDT 2019
    ** Copyright 1986-2019 Xilinx, Inc. All Rights Reserved.

source hw_top.tcl -notrace
Command: synth_design -top hw_top -part xc7z010clg400-1
Starting synth_design
Attempting to get a license for feature 'Synthesis' and/or device 'xc7z010'
INFO: [Common 17-349] Got license for feature 'Synthesis' and/or device 'xc7z010'
INFO: [Device 21-403] Loading part xc7z010clg400-1
INFO: Launching helper process for spawning children vivado processes
INFO: Helper process launched with PID 4860 
---------------------------------------------------------------------------------
Starting RTL Elaboration : Time (s): cpu = 00:00:03 ; elapsed = 00:00:03 . Memory (MB): peak = 688.355 ; gain = 177.805
---------------------------------------------------------------------------------
INFO: [Synth 8-6157] synthesizing module 'hw_top' [C:/Users/14168/vivado-workspace/projects/alarm_system/alarm_system.srcs/sources_1/new/top.sv:23]
INFO: [Synth 8-6157] synthesizing module 'debounce' [C:/Users/14168/vivado-workspace/projects/alarm_system/alarm_system.srcs/sources_1/new/debounce.sv:1]
	Parameter DIV bound to: 31250000 - type: integer 
INFO: [Synth 8-6157] synthesizing module 'clk_divider' [C:/Users/14168/vivado-workspace/projects/alarm_system/alarm_system.srcs/sources_1/new/clk_divider.sv:4]
	Parameter DIV bound to: 31250000 - type: integer 
WARNING: [Synth 8-6014] Unused sequential element neg_count_reg was removed.  [C:/Users/14168/vivado-workspace/projects/alarm_system/alarm_system.srcs/sources_1/new/clk_divider.sv:26]
INFO: [Synth 8-6155] done synthesizing module 'clk_divider' (1#1) [C:/Users/14168/vivado-workspace/projects/alarm_system/alarm_system.srcs/sources_1/new/clk_divider.sv:4]
INFO: [Synth 8-6157] synthesizing module 'dff' [C:/Users/14168/vivado-workspace/projects/alarm_system/alarm_system.srcs/sources_1/new/dff.sv:1]
INFO: [Synth 8-6155] done synthesizing module 'dff' (2#1) [C:/Users/14168/vivado-workspace/projects/alarm_system/alarm_system.srcs/sources_1/new/dff.sv:1]
INFO: [Synth 8-6157] synthesizing module 'edge_detect' [C:/Users/14168/vivado-workspace/projects/alarm_system/alarm_system.srcs/sources_1/new/edge_detect.sv:1]
INFO: [Synth 8-155] case statement is not full and has no default [C:/Users/14168/vivado-workspace/projects/alarm_system/alarm_system.srcs/sources_1/new/edge_detect.sv:29]
INFO: [Synth 8-6155] done synthesizing module 'edge_detect' (3#1) [C:/Users/14168/vivado-workspace/projects/alarm_system/alarm_system.srcs/sources_1/new/edge_detect.sv:1]
INFO: [Synth 8-6155] done synthesizing module 'debounce' (4#1) [C:/Users/14168/vivado-workspace/projects/alarm_system/alarm_system.srcs/sources_1/new/debounce.sv:1]
INFO: [Synth 8-6157] synthesizing module 'alarm_system' [C:/Users/14168/vivado-workspace/projects/alarm_system/alarm_system.srcs/sources_1/new/alarm_system.sv:1]
	Parameter STATUS_INIT bound to: 3'b101 
	Parameter STATUS_LOCKED bound to: 3'b011 
	Parameter STATUS_ALARM bound to: 3'b001 
	Parameter STATUS_UNLOCKED bound to: 3'b010 
	Parameter STATUS_WAITING bound to: 3'b100 
WARNING: [Synth 8-5788] Register mem_reg in module alarm_system is has both Set and reset with same priority. This may cause simulation mismatches. Consider rewriting code 
WARNING: [Synth 8-4767] Trying to implement RAM 'mem_reg' in registers. Block RAM or DRAM implementation is not possible; see log for reasons.
Reason is one or more of the following :
	1: RAM is sensitive to asynchronous reset signal. this RTL style is not supported. 
RAM "mem_reg" dissolved into registers
INFO: [Synth 8-6155] done synthesizing module 'alarm_system' (5#1) [C:/Users/14168/vivado-workspace/projects/alarm_system/alarm_system.srcs/sources_1/new/alarm_system.sv:1]
INFO: [Synth 8-6155] done synthesizing module 'hw_top' (6#1) [C:/Users/14168/vivado-workspace/projects/alarm_system/alarm_system.srcs/sources_1/new/top.sv:23]
---------------------------------------------------------------------------------
Finished RTL Elaboration : Time (s): cpu = 00:00:04 ; elapsed = 00:00:04 . Memory (MB): peak = 752.445 ; gain = 241.895
---------------------------------------------------------------------------------

Report Check Netlist: 
+------+------------------+-------+---------+-------+------------------+
|      |Item              |Errors |Warnings |Status |Description       |
+------+------------------+-------+---------+-------+------------------+
|1     |multi_driven_nets |      0|        0|Passed |Multi driven nets |
+------+------------------+-------+---------+-------+------------------+
---------------------------------------------------------------------------------
Start Handling Custom Attributes
---------------------------------------------------------------------------------
---------------------------------------------------------------------------------
Finished Handling Custom Attributes : Time (s): cpu = 00:00:04 ; elapsed = 00:00:05 . Memory (MB): peak = 752.445 ; gain = 241.895
---------------------------------------------------------------------------------
---------------------------------------------------------------------------------
Finished RTL Optimization Phase 1 : Time (s): cpu = 00:00:04 ; elapsed = 00:00:05 . Memory (MB): peak = 752.445 ; gain = 241.895
---------------------------------------------------------------------------------
INFO: [Project 1-570] Preparing netlist for logic optimization

Processing XDC Constraints
Initializing timing engine
Parsing XDC File [C:/Users/14168/vivado-workspace/projects/alarm_system/alarm_system.srcs/constrs_1/imports/zybo/ZYBO_Master.xdc]
Finished Parsing XDC File [C:/Users/14168/vivado-workspace/projects/alarm_system/alarm_system.srcs/constrs_1/imports/zybo/ZYBO_Master.xdc]
INFO: [Project 1-236] Implementation specific constraints were found while reading constraint file [C:/Users/14168/vivado-workspace/projects/alarm_system/alarm_system.srcs/constrs_1/imports/zybo/ZYBO_Master.xdc]. These constraints will be ignored for synthesis but will be used in implementation. Impacted constraints are listed in the file [.Xil/hw_top_propImpl.xdc].
Resolution: To avoid this warning, move constraints listed in [.Xil/hw_top_propImpl.xdc] to another XDC file and exclude this new file from synthesis with the used_in_synthesis property (File Properties dialog in GUI) and re-run elaboration/synthesis.
Completed Processing XDC Constraints

Netlist sorting complete. Time (s): cpu = 00:00:00 ; elapsed = 00:00:00 . Memory (MB): peak = 875.734 ; gain = 0.000
INFO: [Project 1-111] Unisim Transformation Summary:
No Unisim elements were transformed.

Constraint Validation Runtime : Time (s): cpu = 00:00:00 ; elapsed = 00:00:00.004 . Memory (MB): peak = 875.734 ; gain = 0.000
---------------------------------------------------------------------------------
Finished Constraint Validation : Time (s): cpu = 00:00:09 ; elapsed = 00:00:10 . Memory (MB): peak = 875.734 ; gain = 365.184
---------------------------------------------------------------------------------
---------------------------------------------------------------------------------
Start Loading Part and Timing Information
---------------------------------------------------------------------------------
Loading part: xc7z010clg400-1
---------------------------------------------------------------------------------
Finished Loading Part and Timing Information : Time (s): cpu = 00:00:09 ; elapsed = 00:00:10 . Memory (MB): peak = 875.734 ; gain = 365.184
---------------------------------------------------------------------------------
---------------------------------------------------------------------------------
Start Applying 'set_property' XDC Constraints
---------------------------------------------------------------------------------
---------------------------------------------------------------------------------
Finished applying 'set_property' XDC Constraints : Time (s): cpu = 00:00:09 ; elapsed = 00:00:10 . Memory (MB): peak = 875.734 ; gain = 365.184
---------------------------------------------------------------------------------
INFO: [Synth 8-802] inferred FSM for state register 'state_reg' in module 'alarm_system'
INFO: [Synth 8-802] inferred FSM for state register 'state_reg' in module 'edge_detect'
---------------------------------------------------------------------------------------------------
                   State |                     New Encoding |                Previous Encoding 
---------------------------------------------------------------------------------------------------
                    INIT |                               11 |                               00
                  LOCKED |                               01 |                               01
                   ALARM |                               10 |                               11
                UNLOCKED |                               00 |                               10
---------------------------------------------------------------------------------------------------
INFO: [Synth 8-3354] encoded FSM with state register 'state_reg' using encoding 'sequential' in module 'alarm_system'
WARNING: [Synth 8-327] inferring latch for variable 'FSM_sequential_next_state_reg' [C:/Users/14168/vivado-workspace/projects/alarm_system/alarm_system.srcs/sources_1/new/edge_detect.sv:32]
WARNING: [Synth 8-327] inferring latch for variable 'FSM_onehot_next_state_reg' [C:/Users/14168/vivado-workspace/projects/alarm_system/alarm_system.srcs/sources_1/new/edge_detect.sv:32]
---------------------------------------------------------------------------------------------------
                   State |                     New Encoding |                Previous Encoding 
---------------------------------------------------------------------------------------------------
                     RST |                            00001 | 00000000000000000000000000000000
                      S0 |                            00010 | 00000000000000000000000000000001
                     S01 |                            00100 | 00000000000000000000000000000011
                      S1 |                            01000 | 00000000000000000000000000000010
                     S10 |                            10000 | 00000000000000000000000000000100
---------------------------------------------------------------------------------------------------
INFO: [Synth 8-3354] encoded FSM with state register 'state_reg' using encoding 'one-hot' in module 'edge_detect'
WARNING: [Synth 8-327] inferring latch for variable 'FSM_onehot_next_state_reg' [C:/Users/14168/vivado-workspace/projects/alarm_system/alarm_system.srcs/sources_1/new/edge_detect.sv:32]
---------------------------------------------------------------------------------
Finished RTL Optimization Phase 2 : Time (s): cpu = 00:00:10 ; elapsed = 00:00:10 . Memory (MB): peak = 875.734 ; gain = 365.184
---------------------------------------------------------------------------------

Report RTL Partitions: 
+-+--------------+------------+----------+
| |RTL Partition |Replication |Instances |
+-+--------------+------------+----------+
+-+--------------+------------+----------+
---------------------------------------------------------------------------------
Start RTL Component Statistics 
---------------------------------------------------------------------------------
Detailed RTL Component Info : 
+---Adders : 
	   2 Input     25 Bit       Adders := 4     
	   2 Input      3 Bit       Adders := 1     
+---Registers : 
	               25 Bit    Registers := 4     
	                4 Bit    Registers := 4     
	                3 Bit    Registers := 2     
	                1 Bit    Registers := 13    
+---Muxes : 
	   5 Input     32 Bit        Muxes := 4     
	   5 Input      5 Bit        Muxes := 4     
	   2 Input      5 Bit        Muxes := 20    
	   4 Input      4 Bit        Muxes := 1     
	   2 Input      3 Bit        Muxes := 2     
	   4 Input      3 Bit        Muxes := 2     
	   2 Input      2 Bit        Muxes := 9     
	   4 Input      2 Bit        Muxes := 1     
	   2 Input      1 Bit        Muxes := 6     
	   4 Input      1 Bit        Muxes := 4     
	   5 Input      1 Bit        Muxes := 8     
---------------------------------------------------------------------------------
Finished RTL Component Statistics 
---------------------------------------------------------------------------------
---------------------------------------------------------------------------------
Start RTL Hierarchical Component Statistics 
---------------------------------------------------------------------------------
Hierarchical RTL Component report 
Module alarm_system 
Detailed RTL Component Info : 
+---Adders : 
	   2 Input      3 Bit       Adders := 1     
+---Registers : 
	                4 Bit    Registers := 4     
	                3 Bit    Registers := 2     
	                1 Bit    Registers := 1     
+---Muxes : 
	   4 Input      4 Bit        Muxes := 1     
	   2 Input      3 Bit        Muxes := 2     
	   4 Input      3 Bit        Muxes := 2     
	   2 Input      2 Bit        Muxes := 9     
	   4 Input      2 Bit        Muxes := 1     
	   2 Input      1 Bit        Muxes := 6     
	   4 Input      1 Bit        Muxes := 4     
Module clk_divider 
Detailed RTL Component Info : 
+---Adders : 
	   2 Input     25 Bit       Adders := 1     
+---Registers : 
	               25 Bit    Registers := 1     
Module dff 
Detailed RTL Component Info : 
+---Registers : 
	                1 Bit    Registers := 1     
Module edge_detect 
Detailed RTL Component Info : 
+---Muxes : 
	   5 Input     32 Bit        Muxes := 1     
	   5 Input      5 Bit        Muxes := 1     
	   2 Input      5 Bit        Muxes := 5     
	   5 Input      1 Bit        Muxes := 2     
---------------------------------------------------------------------------------
Finished RTL Hierarchical Component Statistics
---------------------------------------------------------------------------------
---------------------------------------------------------------------------------
Start Part Resource Summary
---------------------------------------------------------------------------------
Part Resources:
DSPs: 80 (col length:40)
BRAMs: 120 (col length: RAMB18 40 RAMB36 20)
---------------------------------------------------------------------------------
Finished Part Resource Summary
---------------------------------------------------------------------------------
---------------------------------------------------------------------------------
Start Cross Boundary and Area Optimization
---------------------------------------------------------------------------------
Warning: Parallel synthesis criteria is not met 
---------------------------------------------------------------------------------
Finished Cross Boundary and Area Optimization : Time (s): cpu = 00:00:13 ; elapsed = 00:00:14 . Memory (MB): peak = 875.734 ; gain = 365.184
---------------------------------------------------------------------------------

Report RTL Partitions: 
+-+--------------+------------+----------+
| |RTL Partition |Replication |Instances |
+-+--------------+------------+----------+
+-+--------------+------------+----------+
---------------------------------------------------------------------------------
Start Applying XDC Timing Constraints
---------------------------------------------------------------------------------
---------------------------------------------------------------------------------
Finished Applying XDC Timing Constraints : Time (s): cpu = 00:00:20 ; elapsed = 00:00:21 . Memory (MB): peak = 875.734 ; gain = 365.184
---------------------------------------------------------------------------------
---------------------------------------------------------------------------------
Start Timing Optimization
---------------------------------------------------------------------------------
---------------------------------------------------------------------------------
Finished Timing Optimization : Time (s): cpu = 00:00:21 ; elapsed = 00:00:22 . Memory (MB): peak = 900.859 ; gain = 390.309
---------------------------------------------------------------------------------

Report RTL Partitions: 
+-+--------------+------------+----------+
| |RTL Partition |Replication |Instances |
+-+--------------+------------+----------+
+-+--------------+------------+----------+
---------------------------------------------------------------------------------
Start Technology Mapping
---------------------------------------------------------------------------------
---------------------------------------------------------------------------------
Finished Technology Mapping : Time (s): cpu = 00:00:21 ; elapsed = 00:00:22 . Memory (MB): peak = 900.859 ; gain = 390.309
---------------------------------------------------------------------------------

Report RTL Partitions: 
+-+--------------+------------+----------+
| |RTL Partition |Replication |Instances |
+-+--------------+------------+----------+
+-+--------------+------------+----------+
---------------------------------------------------------------------------------
Start IO Insertion
---------------------------------------------------------------------------------
---------------------------------------------------------------------------------
Start Flattening Before IO Insertion
---------------------------------------------------------------------------------
---------------------------------------------------------------------------------
Finished Flattening Before IO Insertion
---------------------------------------------------------------------------------
---------------------------------------------------------------------------------
Start Final Netlist Cleanup
---------------------------------------------------------------------------------
---------------------------------------------------------------------------------
Finished Final Netlist Cleanup
---------------------------------------------------------------------------------
---------------------------------------------------------------------------------
Finished IO Insertion : Time (s): cpu = 00:00:23 ; elapsed = 00:00:24 . Memory (MB): peak = 901.355 ; gain = 390.805
---------------------------------------------------------------------------------

Report Check Netlist: 
+------+------------------+-------+---------+-------+------------------+
|      |Item              |Errors |Warnings |Status |Description       |
+------+------------------+-------+---------+-------+------------------+
|1     |multi_driven_nets |      0|        0|Passed |Multi driven nets |
+------+------------------+-------+---------+-------+------------------+
---------------------------------------------------------------------------------
Start Renaming Generated Instances
---------------------------------------------------------------------------------
---------------------------------------------------------------------------------
Finished Renaming Generated Instances : Time (s): cpu = 00:00:23 ; elapsed = 00:00:24 . Memory (MB): peak = 901.355 ; gain = 390.805
---------------------------------------------------------------------------------

Report RTL Partitions: 
+-+--------------+------------+----------+
| |RTL Partition |Replication |Instances |
+-+--------------+------------+----------+
+-+--------------+------------+----------+
---------------------------------------------------------------------------------
Start Rebuilding User Hierarchy
---------------------------------------------------------------------------------
---------------------------------------------------------------------------------
Finished Rebuilding User Hierarchy : Time (s): cpu = 00:00:23 ; elapsed = 00:00:24 . Memory (MB): peak = 901.355 ; gain = 390.805
---------------------------------------------------------------------------------
---------------------------------------------------------------------------------
Start Renaming Generated Ports
---------------------------------------------------------------------------------
---------------------------------------------------------------------------------
Finished Renaming Generated Ports : Time (s): cpu = 00:00:23 ; elapsed = 00:00:24 . Memory (MB): peak = 901.355 ; gain = 390.805
---------------------------------------------------------------------------------
---------------------------------------------------------------------------------
Start Handling Custom Attributes
---------------------------------------------------------------------------------
---------------------------------------------------------------------------------
Finished Handling Custom Attributes : Time (s): cpu = 00:00:23 ; elapsed = 00:00:24 . Memory (MB): peak = 901.355 ; gain = 390.805
---------------------------------------------------------------------------------
---------------------------------------------------------------------------------
Start Renaming Generated Nets
---------------------------------------------------------------------------------
---------------------------------------------------------------------------------
Finished Renaming Generated Nets : Time (s): cpu = 00:00:23 ; elapsed = 00:00:24 . Memory (MB): peak = 901.355 ; gain = 390.805
---------------------------------------------------------------------------------
---------------------------------------------------------------------------------
Start Writing Synthesis Report
---------------------------------------------------------------------------------

Report BlackBoxes: 
+-+--------------+----------+
| |BlackBox name |Instances |
+-+--------------+----------+
+-+--------------+----------+

Report Cell Usage: 
+------+-------+------+
|      |Cell   |Count |
+------+-------+------+
|1     |BUFG   |     1|
|2     |CARRY4 |    24|
|3     |LUT1   |     4|
|4     |LUT2   |    72|
|5     |LUT3   |    23|
|6     |LUT4   |    61|
|7     |LUT5   |    19|
|8     |LUT6   |    23|
|9     |FDCE   |   133|
|10    |FDPE   |     8|
|11    |FDRE   |    16|
|12    |LD     |    20|
|13    |IBUF   |     6|
|14    |OBUF   |     7|
+------+-------+------+

Report Instance Areas: 
+------+--------------------------+---------------+------+
|      |Instance                  |Module         |Cells |
+------+--------------------------+---------------+------+
|1     |top                       |               |   417|
|2     |  alarm_system_0          |alarm_system   |    51|
|3     |  \genblk1[0].debounce_0  |debounce       |    88|
|4     |    clk_divider_0         |clk_divider_15 |    70|
|5     |    dff_0                 |dff_16         |     1|
|6     |    dff_1                 |dff_17         |     1|
|7     |    dff_2                 |dff_18         |     1|
|8     |    edge_detect_0         |edge_detect_19 |    15|
|9     |  \genblk1[1].debounce_0  |debounce_0     |    88|
|10    |    clk_divider_0         |clk_divider_10 |    70|
|11    |    dff_0                 |dff_11         |     1|
|12    |    dff_1                 |dff_12         |     1|
|13    |    dff_2                 |dff_13         |     1|
|14    |    edge_detect_0         |edge_detect_14 |    15|
|15    |  \genblk1[2].debounce_0  |debounce_1     |    89|
|16    |    clk_divider_0         |clk_divider_5  |    70|
|17    |    dff_0                 |dff_6          |     1|
|18    |    dff_1                 |dff_7          |     1|
|19    |    dff_2                 |dff_8          |     1|
|20    |    edge_detect_0         |edge_detect_9  |    16|
|21    |  \genblk1[3].debounce_0  |debounce_2     |    87|
|22    |    clk_divider_0         |clk_divider    |    69|
|23    |    dff_0                 |dff            |     1|
|24    |    dff_1                 |dff_3          |     1|
|25    |    dff_2                 |dff_4          |     1|
|26    |    edge_detect_0         |edge_detect    |    15|
+------+--------------------------+---------------+------+
---------------------------------------------------------------------------------
Finished Writing Synthesis Report : Time (s): cpu = 00:00:23 ; elapsed = 00:00:24 . Memory (MB): peak = 901.355 ; gain = 390.805
---------------------------------------------------------------------------------
Synthesis finished with 0 errors, 0 critical warnings and 3 warnings.
Synthesis Optimization Runtime : Time (s): cpu = 00:00:17 ; elapsed = 00:00:22 . Memory (MB): peak = 901.355 ; gain = 267.516
Synthesis Optimization Complete : Time (s): cpu = 00:00:23 ; elapsed = 00:00:24 . Memory (MB): peak = 901.355 ; gain = 390.805
INFO: [Project 1-571] Translating synthesized netlist
INFO: [Netlist 29-17] Analyzing 44 Unisim elements for replacement
INFO: [Netlist 29-28] Unisim Transformation completed in 0 CPU seconds
INFO: [Project 1-570] Preparing netlist for logic optimization
INFO: [Opt 31-138] Pushed 0 inverter(s) to 0 load pin(s).
Netlist sorting complete. Time (s): cpu = 00:00:00 ; elapsed = 00:00:00 . Memory (MB): peak = 907.605 ; gain = 0.000
INFO: [Project 1-111] Unisim Transformation Summary:
  A total of 20 instances were transformed.
  LD => LDCE: 20 instances

INFO: [Common 17-83] Releasing license: Synthesis
29 Infos, 6 Warnings, 0 Critical Warnings and 0 Errors encountered.
synth_design completed successfully
synth_design: Time (s): cpu = 00:00:28 ; elapsed = 00:00:30 . Memory (MB): peak = 907.605 ; gain = 613.105
Netlist sorting complete. Time (s): cpu = 00:00:00 ; elapsed = 00:00:00 . Memory (MB): peak = 907.605 ; gain = 0.000
WARNING: [Constraints 18-5210] No constraints selected for write.
Resolution: This message can indicate that there are no constraints for the design, or it can indicate that the used_in flags are set such that the constraints are ignored. This later case is used when running synth_design to not write synthesis constraints to the resulting checkpoint. Instead, project constraints are read when the synthesized design is opened.
INFO: [Common 17-1381] The checkpoint 'C:/Users/14168/vivado-workspace/projects/alarm_system/alarm_system.runs/synth_1/hw_top.dcp' has been generated.
INFO: [runtcl-4] Executing : report_utilization -file hw_top_utilization_synth.rpt -pb hw_top_utilization_synth.pb
INFO: [Common 17-206] Exiting Vivado at Sat Dec  2 03:19:33 2023...
